<?xml version="1.0" encoding="UTF-8"?>
<testng-results ignored="0" total="1" passed="1" failed="0" skipped="0">
  <reporter-output>
  </reporter-output>
  <suite started-at="2023-08-08T10:03:27 IST" name="Default suite" finished-at="2023-08-08T10:03:53 IST" duration-ms="26302">
    <groups>
    </groups>
    <test started-at="2023-08-08T10:03:27 IST" name="Default test" finished-at="2023-08-08T10:03:53 IST" duration-ms="26302">
      <class name="API_Demos.DatePicker">
        <test-method is-config="true" signature="setCapabilities()[pri:0, instance:API_Demos.DatePicker@738dc9b]" started-at="2023-08-08T10:03:27 IST" name="setCapabilities" finished-at="2023-08-08T10:03:41 IST" duration-ms="14444" status="PASS">
          <reporter-output>
          </reporter-output>
        </test-method> <!-- setCapabilities -->
        <test-method signature="dateOfBirth()[pri:0, instance:API_Demos.DatePicker@738dc9b]" started-at="2023-08-08T10:03:41 IST" name="dateOfBirth" finished-at="2023-08-08T10:03:53 IST" duration-ms="11384" status="PASS">
          <reporter-output>
          </reporter-output>
        </test-method> <!-- dateOfBirth -->
        <test-method is-config="true" signature="tearDown()[pri:0, instance:API_Demos.DatePicker@738dc9b]" started-at="2023-08-08T10:03:53 IST" name="tearDown" finished-at="2023-08-08T10:03:53 IST" duration-ms="409" status="PASS">
          <reporter-output>
          </reporter-output>
        </test-method> <!-- tearDown -->
      </class> <!-- API_Demos.DatePicker -->
    </test> <!-- Default test -->
  </suite> <!-- Default suite -->
</testng-results>
